Performing C SOURCE FILE Test CMAKE_HAVE_LIBC_PTHREAD failed with the following output:
Change Dir: /tmp/tmp.E84AFvgGFd/cmake-build-debug/CMakeFiles/CMakeTmp

Run Build Command(s):/usr/bin/gmake cmTC_dad65/fast && /usr/bin/gmake -f CMakeFiles/cmTC_dad65.dir/build.make CMakeFiles/cmTC_dad65.dir/build
gmake[1]: 进入目录“/tmp/tmp.E84AFvgGFd/cmake-build-debug/CMakeFiles/CMakeTmp”
Building C object CMakeFiles/cmTC_dad65.dir/src.c.o
/usr/bin/cc   -DCMAKE_HAVE_LIBC_PTHREAD   -o CMakeFiles/cmTC_dad65.dir/src.c.o   -c /tmp/tmp.E84AFvgGFd/cmake-build-debug/CMakeFiles/CMakeTmp/src.c
Linking C executable cmTC_dad65
/usr/local/clion-2020.1.1/bin/cmake/linux/bin/cmake -E cmake_link_script CMakeFiles/cmTC_dad65.dir/link.txt --verbose=1
/usr/bin/cc  -DCMAKE_HAVE_LIBC_PTHREAD    CMakeFiles/cmTC_dad65.dir/src.c.o  -o cmTC_dad65 
CMakeFiles/cmTC_dad65.dir/src.c.o：在函数‘main’中：
src.c:(.text+0x2d)：对‘pthread_create’未定义的引用
src.c:(.text+0x39)：对‘pthread_detach’未定义的引用
src.c:(.text+0x4a)：对‘pthread_join’未定义的引用
src.c:(.text+0x5e)：对‘pthread_atfork’未定义的引用
collect2: 错误：ld 返回 1
gmake[1]: *** [cmTC_dad65] 错误 1
gmake[1]: 离开目录“/tmp/tmp.E84AFvgGFd/cmake-build-debug/CMakeFiles/CMakeTmp”
gmake: *** [cmTC_dad65/fast] 错误 2


Source file was:
#include <pthread.h>

void* test_func(void* data)
{
  return data;
}

int main(void)
{
  pthread_t thread;
  pthread_create(&thread, NULL, test_func, NULL);
  pthread_detach(thread);
  pthread_join(thread, NULL);
  pthread_atfork(NULL, NULL, NULL);
  pthread_exit(NULL);

  return 0;
}

Determining if the function pthread_create exists in the pthreads failed with the following output:
Change Dir: /tmp/tmp.E84AFvgGFd/cmake-build-debug/CMakeFiles/CMakeTmp

Run Build Command(s):/usr/bin/gmake cmTC_05826/fast && /usr/bin/gmake -f CMakeFiles/cmTC_05826.dir/build.make CMakeFiles/cmTC_05826.dir/build
gmake[1]: 进入目录“/tmp/tmp.E84AFvgGFd/cmake-build-debug/CMakeFiles/CMakeTmp”
Building C object CMakeFiles/cmTC_05826.dir/CheckFunctionExists.c.o
/usr/bin/cc   -DCHECK_FUNCTION_EXISTS=pthread_create   -o CMakeFiles/cmTC_05826.dir/CheckFunctionExists.c.o   -c /usr/local/clion-2020.1.1/bin/cmake/linux/share/cmake-3.16/Modules/CheckFunctionExists.c
Linking C executable cmTC_05826
/usr/local/clion-2020.1.1/bin/cmake/linux/bin/cmake -E cmake_link_script CMakeFiles/cmTC_05826.dir/link.txt --verbose=1
/usr/bin/cc  -DCHECK_FUNCTION_EXISTS=pthread_create    CMakeFiles/cmTC_05826.dir/CheckFunctionExists.c.o  -o cmTC_05826  -lpthreads 
/usr/bin/ld: 找不到 -lpthreads
collect2: 错误：ld 返回 1
gmake[1]: *** [cmTC_05826] 错误 1
gmake[1]: 离开目录“/tmp/tmp.E84AFvgGFd/cmake-build-debug/CMakeFiles/CMakeTmp”
gmake: *** [cmTC_05826/fast] 错误 2



